<?xml version="1.0" encoding="UTF-8"?>
<coverage generated="1565637199848" clover="3.2.0">
  <project timestamp="1565637199848" name="All files">
    <metrics statements="51" coveredstatements="51" conditionals="21" coveredconditionals="21" methods="35" coveredmethods="35" elements="107" coveredelements="107" complexity="0" loc="51" ncloc="51" packages="2" files="5" classes="5"/>
    <package name="src">
      <metrics statements="28" coveredstatements="28" conditionals="14" coveredconditionals="14" methods="16" coveredmethods="16"/>
      <file name="ast.js" path="/home/max/project/frontend-project-lvl2/src/ast.js">
        <metrics statements="19" coveredstatements="19" conditionals="13" coveredconditionals="13" methods="14" coveredmethods="14"/>
        <line num="3" count="1" type="stmt"/>
        <line num="7" count="184" type="cond" truecount="4" falsecount="0"/>
        <line num="10" count="27" type="stmt"/>
        <line num="15" count="157" type="cond" truecount="2" falsecount="0"/>
        <line num="16" count="34" type="stmt"/>
        <line num="20" count="123" type="cond" truecount="2" falsecount="0"/>
        <line num="21" count="53" type="stmt"/>
        <line num="26" count="70" type="cond" truecount="3" falsecount="0"/>
        <line num="28" count="35" type="stmt"/>
        <line num="32" count="35" type="stmt"/>
        <line num="33" count="35" type="stmt"/>
        <line num="37" count="1" type="stmt"/>
        <line num="38" count="569" type="stmt"/>
        <line num="41" count="1" type="cond" truecount="2" falsecount="0"/>
        <line num="42" count="44" type="stmt"/>
        <line num="43" count="44" type="stmt"/>
        <line num="44" count="184" type="stmt"/>
        <line num="45" count="184" type="stmt"/>
        <line num="46" count="184" type="stmt"/>
      </file>
      <file name="index.js" path="/home/max/project/frontend-project-lvl2/src/index.js">
        <metrics statements="3" coveredstatements="3" conditionals="1" coveredconditionals="1" methods="1" coveredmethods="1"/>
        <line num="6" count="1" type="stmt"/>
        <line num="13" count="17" type="stmt"/>
        <line num="14" count="17" type="stmt"/>
      </file>
      <file name="parsers.js" path="/home/max/project/frontend-project-lvl2/src/parsers.js">
        <metrics statements="6" coveredstatements="6" conditionals="0" coveredconditionals="0" methods="1" coveredmethods="1"/>
        <line num="6" count="1" type="stmt"/>
        <line num="13" count="17" type="stmt"/>
        <line num="14" count="17" type="stmt"/>
        <line num="15" count="17" type="stmt"/>
        <line num="16" count="17" type="stmt"/>
        <line num="17" count="17" type="stmt"/>
      </file>
    </package>
    <package name="src.formatters">
      <metrics statements="23" coveredstatements="23" conditionals="7" coveredconditionals="7" methods="19" coveredmethods="19"/>
      <file name="plain.js" path="/home/max/project/frontend-project-lvl2/src/formatters/plain.js">
        <metrics statements="10" coveredstatements="10" conditionals="4" coveredconditionals="4" methods="9" coveredmethods="9"/>
        <line num="3" count="1" type="stmt"/>
        <line num="4" count="54" type="cond" truecount="2" falsecount="0"/>
        <line num="7" count="42" type="cond" truecount="2" falsecount="0"/>
        <line num="9" count="1" type="stmt"/>
        <line num="10" count="9" type="stmt"/>
        <line num="11" count="12" type="stmt"/>
        <line num="12" count="18" type="stmt"/>
        <line num="13" count="12" type="stmt"/>
        <line num="14" count="12" type="stmt"/>
        <line num="17" count="63" type="stmt"/>
      </file>
      <file name="tree.js" path="/home/max/project/frontend-project-lvl2/src/formatters/tree.js">
        <metrics statements="13" coveredstatements="13" conditionals="3" coveredconditionals="3" methods="10" coveredmethods="10"/>
        <line num="3" count="129" type="cond" truecount="1" falsecount="0"/>
        <line num="5" count="1" type="stmt"/>
        <line num="6" count="66" type="cond" truecount="2" falsecount="0"/>
        <line num="7" count="15" type="stmt"/>
        <line num="8" count="15" type="stmt"/>
        <line num="11" count="51" type="stmt"/>
        <line num="14" count="1" type="stmt"/>
        <line num="15" count="9" type="stmt"/>
        <line num="16" count="12" type="stmt"/>
        <line num="17" count="18" type="stmt"/>
        <line num="19" count="12" type="stmt"/>
        <line num="21" count="12" type="stmt"/>
        <line num="24" count="63" type="stmt"/>
      </file>
    </package>
  </project>
</coverage>
