{"/home/max/project/frontend-project-lvl2/src/ast.js": {"path":"/home/max/project/frontend-project-lvl2/src/ast.js","statementMap":{"0":{"start":{"line":3,"column":16},"end":{"line":35,"column":1}},"1":{"start":{"line":7,"column":6},"end":{"line":7,"column":92}},"2":{"start":{"line":10,"column":6},"end":{"line":10,"column":74}},"3":{"start":{"line":15,"column":32},"end":{"line":15,"column":69}},"4":{"start":{"line":16,"column":35},"end":{"line":16,"column":74}},"5":{"start":{"line":20,"column":32},"end":{"line":20,"column":69}},"6":{"start":{"line":21,"column":35},"end":{"line":21,"column":74}},"7":{"start":{"line":26,"column":6},"end":{"line":26,"column":69}},"8":{"start":{"line":28,"column":35},"end":{"line":28,"column":74}},"9":{"start":{"line":32,"column":32},"end":{"line":32,"column":55}},"10":{"start":{"line":33,"column":35},"end":{"line":33,"column":74}},"11":{"start":{"line":37,"column":24},"end":{"line":39,"column":1}},"12":{"start":{"line":38,"column":2},"end":{"line":38,"column":53}},"13":{"start":{"line":38,"column":30},"end":{"line":38,"column":52}},"14":{"start":{"line":41,"column":17},"end":{"line":56,"column":1}},"15":{"start":{"line":42,"column":15},"end":{"line":42,"column":67}},"16":{"start":{"line":43,"column":2},"end":{"line":55,"column":5}},"17":{"start":{"line":44,"column":30},"end":{"line":44,"column":62}},"18":{"start":{"line":45,"column":40},"end":{"line":45,"column":90}},"19":{"start":{"line":46,"column":4},"end":{"line":54,"column":6}}},"fnMap":{"0":{"name":"(anonymous_0)","decl":{"start":{"line":6,"column":11},"end":{"line":6,"column":12}},"loc":{"start":{"line":7,"column":6},"end":{"line":7,"column":92}},"line":7},"1":{"name":"(anonymous_1)","decl":{"start":{"line":9,"column":13},"end":{"line":9,"column":14}},"loc":{"start":{"line":10,"column":6},"end":{"line":10,"column":74}},"line":10},"2":{"name":"(anonymous_2)","decl":{"start":{"line":15,"column":11},"end":{"line":15,"column":12}},"loc":{"start":{"line":15,"column":32},"end":{"line":15,"column":69}},"line":15},"3":{"name":"(anonymous_3)","decl":{"start":{"line":16,"column":13},"end":{"line":16,"column":14}},"loc":{"start":{"line":16,"column":35},"end":{"line":16,"column":74}},"line":16},"4":{"name":"(anonymous_4)","decl":{"start":{"line":20,"column":11},"end":{"line":20,"column":12}},"loc":{"start":{"line":20,"column":32},"end":{"line":20,"column":69}},"line":20},"5":{"name":"(anonymous_5)","decl":{"start":{"line":21,"column":13},"end":{"line":21,"column":14}},"loc":{"start":{"line":21,"column":35},"end":{"line":21,"column":74}},"line":21},"6":{"name":"(anonymous_6)","decl":{"start":{"line":25,"column":11},"end":{"line":25,"column":12}},"loc":{"start":{"line":26,"column":6},"end":{"line":26,"column":69}},"line":26},"7":{"name":"(anonymous_7)","decl":{"start":{"line":28,"column":13},"end":{"line":28,"column":14}},"loc":{"start":{"line":28,"column":35},"end":{"line":28,"column":74}},"line":28},"8":{"name":"(anonymous_8)","decl":{"start":{"line":32,"column":11},"end":{"line":32,"column":12}},"loc":{"start":{"line":32,"column":32},"end":{"line":32,"column":55}},"line":32},"9":{"name":"(anonymous_9)","decl":{"start":{"line":33,"column":13},"end":{"line":33,"column":14}},"loc":{"start":{"line":33,"column":35},"end":{"line":33,"column":74}},"line":33},"10":{"name":"(anonymous_10)","decl":{"start":{"line":37,"column":24},"end":{"line":37,"column":25}},"loc":{"start":{"line":38,"column":2},"end":{"line":38,"column":53}},"line":38},"11":{"name":"(anonymous_11)","decl":{"start":{"line":38,"column":15},"end":{"line":38,"column":16}},"loc":{"start":{"line":38,"column":30},"end":{"line":38,"column":52}},"line":38},"12":{"name":"(anonymous_12)","decl":{"start":{"line":41,"column":17},"end":{"line":41,"column":18}},"loc":{"start":{"line":41,"column":58},"end":{"line":56,"column":1}},"line":41},"13":{"name":"(anonymous_13)","decl":{"start":{"line":43,"column":18},"end":{"line":43,"column":19}},"loc":{"start":{"line":43,"column":27},"end":{"line":55,"column":3}},"line":43}},"branchMap":{"0":{"loc":{"start":{"line":7,"column":6},"end":{"line":7,"column":92}},"type":"binary-expr","locations":[{"start":{"line":7,"column":6},"end":{"line":7,"column":22}},{"start":{"line":7,"column":26},"end":{"line":7,"column":42}},{"start":{"line":7,"column":46},"end":{"line":7,"column":67}},{"start":{"line":7,"column":71},"end":{"line":7,"column":92}}],"line":7},"1":{"loc":{"start":{"line":15,"column":32},"end":{"line":15,"column":69}},"type":"binary-expr","locations":[{"start":{"line":15,"column":32},"end":{"line":15,"column":48}},{"start":{"line":15,"column":52},"end":{"line":15,"column":69}}],"line":15},"2":{"loc":{"start":{"line":20,"column":32},"end":{"line":20,"column":69}},"type":"binary-expr","locations":[{"start":{"line":20,"column":32},"end":{"line":20,"column":49}},{"start":{"line":20,"column":53},"end":{"line":20,"column":69}}],"line":20},"3":{"loc":{"start":{"line":26,"column":6},"end":{"line":26,"column":69}},"type":"binary-expr","locations":[{"start":{"line":26,"column":6},"end":{"line":26,"column":22}},{"start":{"line":26,"column":26},"end":{"line":26,"column":42}},{"start":{"line":26,"column":46},"end":{"line":26,"column":69}}],"line":26},"4":{"loc":{"start":{"line":41,"column":30},"end":{"line":41,"column":39}},"type":"default-arg","locations":[{"start":{"line":41,"column":38},"end":{"line":41,"column":39}}],"line":41},"5":{"loc":{"start":{"line":41,"column":41},"end":{"line":41,"column":53}},"type":"default-arg","locations":[{"start":{"line":41,"column":51},"end":{"line":41,"column":53}}],"line":41}},"s":{"0":1,"1":184,"2":27,"3":157,"4":34,"5":123,"6":53,"7":70,"8":35,"9":35,"10":35,"11":1,"12":184,"13":569,"14":1,"15":44,"16":44,"17":184,"18":184,"19":184},"f":{"0":184,"1":27,"2":157,"3":34,"4":123,"5":53,"6":70,"7":35,"8":35,"9":35,"10":184,"11":569,"12":44,"13":184},"b":{"0":[184,131,97,36],"1":[157,104],"2":[123,53],"3":[70,70,70],"4":[17],"5":[17]},"_coverageSchema":"43e27e138ebf9cfc5966b082cf9a028302ed4184","hash":"c0d19ee6a91be2f7f533496bbfd0d1c8971df4ac"}
,"/home/max/project/frontend-project-lvl2/src/index.js": {"path":"/home/max/project/frontend-project-lvl2/src/index.js","statementMap":{"0":{"start":{"line":6,"column":16},"end":{"line":10,"column":1}},"1":{"start":{"line":13,"column":48},"end":{"line":13,"column":96}},"2":{"start":{"line":14,"column":2},"end":{"line":14,"column":68}}},"fnMap":{"0":{"name":"(anonymous_0)","decl":{"start":{"line":12,"column":15},"end":{"line":12,"column":16}},"loc":{"start":{"line":12,"column":69},"end":{"line":15,"column":1}},"line":12}},"branchMap":{"0":{"loc":{"start":{"line":12,"column":51},"end":{"line":12,"column":64}},"type":"default-arg","locations":[{"start":{"line":12,"column":58},"end":{"line":12,"column":64}}],"line":12}},"s":{"0":1,"1":17,"2":17},"f":{"0":17},"b":{"0":[6]},"_coverageSchema":"43e27e138ebf9cfc5966b082cf9a028302ed4184","hash":"fd31de6eb5208422d29a420efee400f23a664ebd"}
,"/home/max/project/frontend-project-lvl2/src/parsers.js": {"path":"/home/max/project/frontend-project-lvl2/src/parsers.js","statementMap":{"0":{"start":{"line":6,"column":16},"end":{"line":10,"column":1}},"1":{"start":{"line":13,"column":21},"end":{"line":13,"column":60}},"2":{"start":{"line":14,"column":16},"end":{"line":14,"column":35}},"3":{"start":{"line":15,"column":27},"end":{"line":15,"column":76}},"4":{"start":{"line":16,"column":26},"end":{"line":16,"column":74}},"5":{"start":{"line":17,"column":2},"end":{"line":17,"column":47}}},"fnMap":{"0":{"name":"(anonymous_0)","decl":{"start":{"line":12,"column":15},"end":{"line":12,"column":16}},"loc":{"start":{"line":12,"column":54},"end":{"line":18,"column":1}},"line":12}},"branchMap":{},"s":{"0":1,"1":17,"2":17,"3":17,"4":17,"5":17},"f":{"0":17},"b":{},"_coverageSchema":"43e27e138ebf9cfc5966b082cf9a028302ed4184","hash":"3116b32c8b278c0031c9f333b1e469d4a3f719aa"}
,"/home/max/project/frontend-project-lvl2/src/formatters/plain.js": {"path":"/home/max/project/frontend-project-lvl2/src/formatters/plain.js","statementMap":{"0":{"start":{"line":3,"column":26},"end":{"line":5,"column":1}},"1":{"start":{"line":4,"column":2},"end":{"line":4,"column":80}},"2":{"start":{"line":7,"column":22},"end":{"line":7,"column":78}},"3":{"start":{"line":7,"column":32},"end":{"line":7,"column":77}},"4":{"start":{"line":9,"column":25},"end":{"line":15,"column":1}},"5":{"start":{"line":10,"column":22},"end":{"line":10,"column":39}},"6":{"start":{"line":11,"column":19},"end":{"line":11,"column":72}},"7":{"start":{"line":12,"column":17},"end":{"line":12,"column":109}},"8":{"start":{"line":13,"column":19},"end":{"line":13,"column":142}},"9":{"start":{"line":14,"column":21},"end":{"line":14,"column":78}},"10":{"start":{"line":17,"column":23},"end":{"line":17,"column":121}},"11":{"start":{"line":17,"column":30},"end":{"line":17,"column":121}},"12":{"start":{"line":17,"column":56},"end":{"line":17,"column":116}}},"fnMap":{"0":{"name":"(anonymous_0)","decl":{"start":{"line":3,"column":26},"end":{"line":3,"column":27}},"loc":{"start":{"line":4,"column":2},"end":{"line":4,"column":80}},"line":4},"1":{"name":"(anonymous_1)","decl":{"start":{"line":7,"column":22},"end":{"line":7,"column":23}},"loc":{"start":{"line":7,"column":32},"end":{"line":7,"column":77}},"line":7},"2":{"name":"(anonymous_2)","decl":{"start":{"line":10,"column":8},"end":{"line":10,"column":9}},"loc":{"start":{"line":10,"column":22},"end":{"line":10,"column":39}},"line":10},"3":{"name":"(anonymous_3)","decl":{"start":{"line":11,"column":11},"end":{"line":11,"column":12}},"loc":{"start":{"line":11,"column":19},"end":{"line":11,"column":72}},"line":11},"4":{"name":"(anonymous_4)","decl":{"start":{"line":12,"column":9},"end":{"line":12,"column":10}},"loc":{"start":{"line":12,"column":17},"end":{"line":12,"column":109}},"line":12},"5":{"name":"(anonymous_5)","decl":{"start":{"line":13,"column":11},"end":{"line":13,"column":12}},"loc":{"start":{"line":13,"column":19},"end":{"line":13,"column":142}},"line":13},"6":{"name":"(anonymous_6)","decl":{"start":{"line":14,"column":13},"end":{"line":14,"column":14}},"loc":{"start":{"line":14,"column":21},"end":{"line":14,"column":78}},"line":14},"7":{"name":"(anonymous_7)","decl":{"start":{"line":17,"column":23},"end":{"line":17,"column":24}},"loc":{"start":{"line":17,"column":30},"end":{"line":17,"column":121}},"line":17},"8":{"name":"(anonymous_8)","decl":{"start":{"line":17,"column":41},"end":{"line":17,"column":42}},"loc":{"start":{"line":17,"column":56},"end":{"line":17,"column":116}},"line":17}},"branchMap":{"0":{"loc":{"start":{"line":4,"column":2},"end":{"line":4,"column":80}},"type":"cond-expr","locations":[{"start":{"line":4,"column":30},"end":{"line":4,"column":38}},{"start":{"line":4,"column":41},"end":{"line":4,"column":80}}],"line":4},"1":{"loc":{"start":{"line":7,"column":32},"end":{"line":7,"column":77}},"type":"cond-expr","locations":[{"start":{"line":7,"column":52},"end":{"line":7,"column":69}},{"start":{"line":7,"column":72},"end":{"line":7,"column":77}}],"line":7}},"s":{"0":1,"1":54,"2":1,"3":42,"4":1,"5":9,"6":12,"7":18,"8":12,"9":12,"10":1,"11":15,"12":63},"f":{"0":54,"1":42,"2":9,"3":12,"4":18,"5":12,"6":12,"7":15,"8":63},"b":{"0":[21,33],"1":[12,30]},"_coverageSchema":"43e27e138ebf9cfc5966b082cf9a028302ed4184","hash":"fba55ee7a2cb193a7171cedb2106b453a6d3c7d7"}
,"/home/max/project/frontend-project-lvl2/src/formatters/tree.js": {"path":"/home/max/project/frontend-project-lvl2/src/formatters/tree.js","statementMap":{"0":{"start":{"line":3,"column":18},"end":{"line":3,"column":61}},"1":{"start":{"line":3,"column":38},"end":{"line":3,"column":61}},"2":{"start":{"line":5,"column":23},"end":{"line":12,"column":1}},"3":{"start":{"line":6,"column":2},"end":{"line":9,"column":3}},"4":{"start":{"line":7,"column":17},"end":{"line":7,"column":35}},"5":{"start":{"line":8,"column":4},"end":{"line":8,"column":137}},"6":{"start":{"line":8,"column":53},"end":{"line":8,"column":100}},"7":{"start":{"line":11,"column":2},"end":{"line":11,"column":15}},"8":{"start":{"line":14,"column":22},"end":{"line":22,"column":1}},"9":{"start":{"line":15,"column":22},"end":{"line":15,"column":111}},"10":{"start":{"line":16,"column":19},"end":{"line":16,"column":104}},"11":{"start":{"line":17,"column":17},"end":{"line":17,"column":101}},"12":{"start":{"line":19,"column":4},"end":{"line":19,"column":172}},"13":{"start":{"line":21,"column":21},"end":{"line":21,"column":106}},"14":{"start":{"line":24,"column":22},"end":{"line":24,"column":116}},"15":{"start":{"line":24,"column":29},"end":{"line":24,"column":116}},"16":{"start":{"line":24,"column":55},"end":{"line":24,"column":111}}},"fnMap":{"0":{"name":"(anonymous_0)","decl":{"start":{"line":3,"column":18},"end":{"line":3,"column":19}},"loc":{"start":{"line":3,"column":38},"end":{"line":3,"column":61}},"line":3},"1":{"name":"(anonymous_1)","decl":{"start":{"line":5,"column":23},"end":{"line":5,"column":24}},"loc":{"start":{"line":5,"column":41},"end":{"line":12,"column":1}},"line":5},"2":{"name":"(anonymous_2)","decl":{"start":{"line":8,"column":45},"end":{"line":8,"column":46}},"loc":{"start":{"line":8,"column":53},"end":{"line":8,"column":100}},"line":8},"3":{"name":"(anonymous_3)","decl":{"start":{"line":15,"column":8},"end":{"line":15,"column":9}},"loc":{"start":{"line":15,"column":22},"end":{"line":15,"column":111}},"line":15},"4":{"name":"(anonymous_4)","decl":{"start":{"line":16,"column":11},"end":{"line":16,"column":12}},"loc":{"start":{"line":16,"column":19},"end":{"line":16,"column":104}},"line":16},"5":{"name":"(anonymous_5)","decl":{"start":{"line":17,"column":9},"end":{"line":17,"column":10}},"loc":{"start":{"line":17,"column":17},"end":{"line":17,"column":101}},"line":17},"6":{"name":"(anonymous_6)","decl":{"start":{"line":18,"column":11},"end":{"line":18,"column":12}},"loc":{"start":{"line":19,"column":4},"end":{"line":19,"column":172}},"line":19},"7":{"name":"(anonymous_7)","decl":{"start":{"line":21,"column":13},"end":{"line":21,"column":14}},"loc":{"start":{"line":21,"column":21},"end":{"line":21,"column":106}},"line":21},"8":{"name":"(anonymous_8)","decl":{"start":{"line":24,"column":22},"end":{"line":24,"column":23}},"loc":{"start":{"line":24,"column":29},"end":{"line":24,"column":116}},"line":24},"9":{"name":"(anonymous_9)","decl":{"start":{"line":24,"column":40},"end":{"line":24,"column":41}},"loc":{"start":{"line":24,"column":55},"end":{"line":24,"column":111}},"line":24}},"branchMap":{"0":{"loc":{"start":{"line":3,"column":26},"end":{"line":3,"column":33}},"type":"default-arg","locations":[{"start":{"line":3,"column":32},"end":{"line":3,"column":33}}],"line":3},"1":{"loc":{"start":{"line":6,"column":2},"end":{"line":9,"column":3}},"type":"if","locations":[{"start":{"line":6,"column":2},"end":{"line":9,"column":3}},{"start":{"line":6,"column":2},"end":{"line":9,"column":3}}],"line":6}},"s":{"0":1,"1":129,"2":1,"3":66,"4":15,"5":15,"6":15,"7":51,"8":1,"9":9,"10":12,"11":18,"12":12,"13":12,"14":1,"15":15,"16":63},"f":{"0":129,"1":66,"2":15,"3":9,"4":12,"5":18,"6":12,"7":12,"8":15,"9":63},"b":{"0":[114],"1":[15,51]},"_coverageSchema":"43e27e138ebf9cfc5966b082cf9a028302ed4184","hash":"ee785ff9d8bdba1c96de3ad82872e3f88014a9b0"}
}
