TN:
SF:/home/max/project/frontend-project-lvl2/src/ast.js
FN:6,(anonymous_0)
FN:9,(anonymous_1)
FN:15,(anonymous_2)
FN:16,(anonymous_3)
FN:20,(anonymous_4)
FN:21,(anonymous_5)
FN:25,(anonymous_6)
FN:28,(anonymous_7)
FN:32,(anonymous_8)
FN:33,(anonymous_9)
FN:37,(anonymous_10)
FN:38,(anonymous_11)
FN:41,(anonymous_12)
FN:43,(anonymous_13)
FNF:14
FNH:14
FNDA:184,(anonymous_0)
FNDA:27,(anonymous_1)
FNDA:157,(anonymous_2)
FNDA:34,(anonymous_3)
FNDA:123,(anonymous_4)
FNDA:53,(anonymous_5)
FNDA:70,(anonymous_6)
FNDA:35,(anonymous_7)
FNDA:35,(anonymous_8)
FNDA:35,(anonymous_9)
FNDA:184,(anonymous_10)
FNDA:569,(anonymous_11)
FNDA:44,(anonymous_12)
FNDA:184,(anonymous_13)
DA:3,1
DA:7,184
DA:10,27
DA:15,157
DA:16,34
DA:20,123
DA:21,53
DA:26,70
DA:28,35
DA:32,35
DA:33,35
DA:37,1
DA:38,569
DA:41,1
DA:42,44
DA:43,44
DA:44,184
DA:45,184
DA:46,184
LF:19
LH:19
BRDA:7,0,0,184
BRDA:7,0,1,131
BRDA:7,0,2,97
BRDA:7,0,3,36
BRDA:15,1,0,157
BRDA:15,1,1,104
BRDA:20,2,0,123
BRDA:20,2,1,53
BRDA:26,3,0,70
BRDA:26,3,1,70
BRDA:26,3,2,70
BRDA:41,4,0,17
BRDA:41,5,0,17
BRF:13
BRH:13
end_of_record
TN:
SF:/home/max/project/frontend-project-lvl2/src/index.js
FN:12,(anonymous_0)
FNF:1
FNH:1
FNDA:17,(anonymous_0)
DA:6,1
DA:13,17
DA:14,17
LF:3
LH:3
BRDA:12,0,0,6
BRF:1
BRH:1
end_of_record
TN:
SF:/home/max/project/frontend-project-lvl2/src/parsers.js
FN:12,(anonymous_0)
FNF:1
FNH:1
FNDA:17,(anonymous_0)
DA:6,1
DA:13,17
DA:14,17
DA:15,17
DA:16,17
DA:17,17
LF:6
LH:6
BRF:0
BRH:0
end_of_record
TN:
SF:/home/max/project/frontend-project-lvl2/src/formatters/plain.js
FN:3,(anonymous_0)
FN:7,(anonymous_1)
FN:10,(anonymous_2)
FN:11,(anonymous_3)
FN:12,(anonymous_4)
FN:13,(anonymous_5)
FN:14,(anonymous_6)
FN:17,(anonymous_7)
FN:17,(anonymous_8)
FNF:9
FNH:9
FNDA:54,(anonymous_0)
FNDA:42,(anonymous_1)
FNDA:9,(anonymous_2)
FNDA:12,(anonymous_3)
FNDA:18,(anonymous_4)
FNDA:12,(anonymous_5)
FNDA:12,(anonymous_6)
FNDA:15,(anonymous_7)
FNDA:63,(anonymous_8)
DA:3,1
DA:4,54
DA:7,42
DA:9,1
DA:10,9
DA:11,12
DA:12,18
DA:13,12
DA:14,12
DA:17,63
LF:10
LH:10
BRDA:4,0,0,21
BRDA:4,0,1,33
BRDA:7,1,0,12
BRDA:7,1,1,30
BRF:4
BRH:4
end_of_record
TN:
SF:/home/max/project/frontend-project-lvl2/src/formatters/tree.js
FN:3,(anonymous_0)
FN:5,(anonymous_1)
FN:8,(anonymous_2)
FN:15,(anonymous_3)
FN:16,(anonymous_4)
FN:17,(anonymous_5)
FN:18,(anonymous_6)
FN:21,(anonymous_7)
FN:24,(anonymous_8)
FN:24,(anonymous_9)
FNF:10
FNH:10
FNDA:129,(anonymous_0)
FNDA:66,(anonymous_1)
FNDA:15,(anonymous_2)
FNDA:9,(anonymous_3)
FNDA:12,(anonymous_4)
FNDA:18,(anonymous_5)
FNDA:12,(anonymous_6)
FNDA:12,(anonymous_7)
FNDA:15,(anonymous_8)
FNDA:63,(anonymous_9)
DA:3,129
DA:5,1
DA:6,66
DA:7,15
DA:8,15
DA:11,51
DA:14,1
DA:15,9
DA:16,12
DA:17,18
DA:19,12
DA:21,12
DA:24,63
LF:13
LH:13
BRDA:3,0,0,114
BRDA:6,1,0,15
BRDA:6,1,1,51
BRF:3
BRH:3
end_of_record
